[debug] [2020-12-17T18:33:34.654Z] ----------------------------------------------------------------------
[debug] [2020-12-17T18:33:34.655Z] Command:       /usr/local/bin/firebase /Users/admin/.cache/firebase/tools/lib/node_modules/firebase-tools/lib/bin/firebase init
[debug] [2020-12-17T18:33:34.656Z] CLI Version:   8.19.0
[debug] [2020-12-17T18:33:34.656Z] Platform:      darwin
[debug] [2020-12-17T18:33:34.656Z] Node Version:  v12.18.1
[debug] [2020-12-17T18:33:34.661Z] Time:          Thu Dec 17 2020 20:33:34 GMT+0200 (Eastern European Standard Time)
[debug] [2020-12-17T18:33:34.662Z] ----------------------------------------------------------------------
[debug] [2020-12-17T18:33:34.662Z] 
[debug] [2020-12-17T18:33:34.664Z] >>> [apiv2][query] GET https://firebase-public.firebaseio.com/cli.json [none]
[debug] [2020-12-17T18:33:34.673Z] > command requires scopes: ["email","openid","https://www.googleapis.com/auth/cloudplatformprojects.readonly","https://www.googleapis.com/auth/firebase","https://www.googleapis.com/auth/cloud-platform"]
[debug] [2020-12-17T18:33:34.674Z] > authorizing via signed-in user
[info] 
     ######## #### ########  ######## ########     ###     ######  ########
     ##        ##  ##     ## ##       ##     ##  ##   ##  ##       ##
     ######    ##  ########  ######   ########  #########  ######  ######
     ##        ##  ##    ##  ##       ##     ## ##     ##       ## ##
     ##       #### ##     ## ######## ########  ##     ##  ######  ########

You're about to initialize a Firebase project in this directory:

  /Users/admin/Desktop/practiceJS/test-for-UPQODE

[debug] [2020-12-17T18:33:35.287Z] <<< [apiv2][status] GET https://firebase-public.firebaseio.com/cli.json 200
[debug] [2020-12-17T18:33:35.288Z] <<< [apiv2][body] GET https://firebase-public.firebaseio.com/cli.json {"cloudBuildErrorAfter":1594252800000,"cloudBuildWarnAfter":1590019200000,"defaultNode10After":1594252800000,"minVersion":"3.0.5","node8DeploysDisabledAfter":1613390400000,"node8RuntimeDisabledAfter":1615809600000,"node8WarnAfter":1600128000000}
[info] 
=== Project Setup
[info] 
[info] First, let's associate this project directory with a Firebase project.
[info] You can create multiple project aliases by running firebase use --add, 
[info] but for now we'll just set up a default project.
[info] 
